app/build/intermediates/manifest_merge_blame_file/release/manifest-merger-blame-release-report.txt
1<?xml version="1.0" encoding="utf-8"?>
2<manifest xmlns:android="http://schemas.android.com/apk/res/android"
3    package="com.mediatek.wwtv.tvcenter"
4    android:versionCode="5"
5    android:versionName="2.30.5 build 18321512" >
6
7    <uses-sdk
8        android:minSdkVersion="30"
8-->src\main\AndroidManifest.xml
9        android:targetSdkVersion="30" />
9-->src\main\AndroidManifest.xml
10
11    <permission
11-->src\main\AndroidManifest.xml:7:5-12:53
12        android:name="com.mediatek.wwtv.permission.DVR_WRITE"
12-->src\main\AndroidManifest.xml:8:9-62
13        android:description="@string/cplogo_bt_ok"
13-->src\main\AndroidManifest.xml:12:9-51
14        android:label="@string/cplogo_bt_ok"
14-->src\main\AndroidManifest.xml:11:9-45
15        android:permissionGroup="android.permission-group.SYSTEM_TOOLS"
15-->src\main\AndroidManifest.xml:9:9-72
16        android:protectionLevel="signatureOrSystem" />
16-->src\main\AndroidManifest.xml:10:9-52
17    <permission
17-->src\main\AndroidManifest.xml:14:5-19:53
18        android:name="com.mediatek.wwtv.permission.DVR_READ"
18-->src\main\AndroidManifest.xml:15:9-61
19        android:description="@string/cplogo_bt_ok"
19-->src\main\AndroidManifest.xml:19:9-51
20        android:label="@string/cplogo_bt_ok"
20-->src\main\AndroidManifest.xml:18:9-45
21        android:permissionGroup="android.permission-group.SYSTEM_TOOLS"
21-->src\main\AndroidManifest.xml:16:9-72
22        android:protectionLevel="signatureOrSystem" />
22-->src\main\AndroidManifest.xml:17:9-52
23    <permission
23-->src\main\AndroidManifest.xml:21:5-24:47
24        android:name="com.mediatek.tv.permission.BROADCAST"
24-->src\main\AndroidManifest.xml:22:9-60
25        android:label="@string/cplogo_bt_ok"
25-->src\main\AndroidManifest.xml:24:9-45
26        android:protectionLevel="signatureOrSystem" />
26-->src\main\AndroidManifest.xml:23:9-52
27
28    <uses-permission android:name="android.permission.RECOVERY" />
28-->src\main\AndroidManifest.xml:26:5-66
28-->src\main\AndroidManifest.xml:26:22-64
29    <uses-permission android:name="android.permission.SHUTDOWN" />
29-->src\main\AndroidManifest.xml:27:5-66
29-->src\main\AndroidManifest.xml:27:22-64
30    <uses-permission android:name="android.permission.SYSTEM_ALERT_WINDOW" />
30-->src\main\AndroidManifest.xml:28:5-78
30-->src\main\AndroidManifest.xml:28:22-75
31    <uses-permission android:name="android.permission.FOREGROUND_SERVICE" />
31-->src\main\AndroidManifest.xml:29:5-76
31-->src\main\AndroidManifest.xml:29:22-74
32    <uses-permission android:name="android.permission.INTERACT_ACROSS_USERS" />
32-->src\main\AndroidManifest.xml:30:5-80
32-->src\main\AndroidManifest.xml:30:22-77
33    <uses-permission android:name="android.permission.START_ANY_ACTIVITY" />
33-->src\main\AndroidManifest.xml:32:5-77
33-->src\main\AndroidManifest.xml:32:22-74
34    <uses-permission android:name="android.permission.INTERNET" />
34-->src\main\AndroidManifest.xml:33:5-67
34-->src\main\AndroidManifest.xml:33:22-64
35    <uses-permission android:name="android.permission.RECEIVE_BOOT_COMPLETED" />
35-->src\main\AndroidManifest.xml:34:5-81
35-->src\main\AndroidManifest.xml:34:22-78
36    <uses-permission android:name="android.permission.BROADCAST_STICKY" />
36-->src\main\AndroidManifest.xml:35:5-75
36-->src\main\AndroidManifest.xml:35:22-72
37    <uses-permission android:name="android.permission.CHANGE_CONFIGURATION" />
37-->src\main\AndroidManifest.xml:36:5-79
37-->src\main\AndroidManifest.xml:36:22-76
38    <uses-permission android:name="android.permission.GET_TASKS" />
38-->src\main\AndroidManifest.xml:37:5-67
38-->src\main\AndroidManifest.xml:37:22-65
39    <uses-permission android:name="android.permission.REAL_GET_TASKS" />
39-->src\main\AndroidManifest.xml:38:5-73
39-->src\main\AndroidManifest.xml:38:22-70
40    <uses-permission android:name="android.permission.WAKE_LOCK" />
40-->src\main\AndroidManifest.xml:39:5-68
40-->src\main\AndroidManifest.xml:39:22-65
41    <uses-permission android:name="android.permission.INJECT_EVENTS" />
41-->src\main\AndroidManifest.xml:40:5-72
41-->src\main\AndroidManifest.xml:40:22-69
42    <uses-permission android:name="android.permission.DEVICE_POWER" />
42-->src\main\AndroidManifest.xml:41:5-71
42-->src\main\AndroidManifest.xml:41:22-68
43    <uses-permission android:name="android.permission.ACCESS_CHECKIN_PROPERTTES" />
43-->src\main\AndroidManifest.xml:43:5-84
43-->src\main\AndroidManifest.xml:43:22-81
44    <uses-permission android:name="android.permission.WRITE_EXTERNAL_STORAGE" />
44-->src\main\AndroidManifest.xml:44:5-81
44-->src\main\AndroidManifest.xml:44:22-78
45    <uses-permission android:name="android.permission.READ_EXTERNAL_STORAGE" />
45-->src\main\AndroidManifest.xml:45:5-80
45-->src\main\AndroidManifest.xml:45:22-77
46    <uses-permission android:name="android.permission.MANAGE_EXTERNAL_STORAGE" />
46-->src\main\AndroidManifest.xml:46:5-82
46-->src\main\AndroidManifest.xml:46:22-79
47    <uses-permission android:name="android.permission.WRITE_SECURE_SETTINGS" />
47-->src\main\AndroidManifest.xml:47:5-79
47-->src\main\AndroidManifest.xml:47:22-77
48    <uses-permission android:name="android.permission.WRITE_SETTINGS" />
48-->src\main\AndroidManifest.xml:48:5-73
48-->src\main\AndroidManifest.xml:48:22-70
49    <uses-permission android:name="android.permission.MOUNT_UNMOUNT_FILESYSTEMS" />
49-->src\main\AndroidManifest.xml:49:5-84
49-->src\main\AndroidManifest.xml:49:22-81
50    <uses-permission android:name="android.permission.SET_TIME_ZONE" />
50-->src\main\AndroidManifest.xml:50:5-72
50-->src\main\AndroidManifest.xml:50:22-69
51    <uses-permission android:name="android.permission.MODIFY_AUDIO_SETTINGS" />
51-->src\main\AndroidManifest.xml:51:5-80
51-->src\main\AndroidManifest.xml:51:22-77
52    <uses-permission android:name="android.permission.MODIFY_AUDIO_ROUTING" />
52-->src\main\AndroidManifest.xml:52:5-79
52-->src\main\AndroidManifest.xml:52:22-76
53    <uses-permission android:name="android.permission.KILL_BACKGROUND_PROCESSES" />
53-->src\main\AndroidManifest.xml:53:5-84
53-->src\main\AndroidManifest.xml:53:22-81
54    <uses-permission android:name="android.permission.ACCESS_NETWORK_STATE" />
54-->src\main\AndroidManifest.xml:54:5-78
54-->src\main\AndroidManifest.xml:54:22-76
55    <uses-permission android:name="android.permission.ACCESS_WIFI_STATE" />
55-->src\main\AndroidManifest.xml:55:5-75
55-->src\main\AndroidManifest.xml:55:22-73
56    <uses-permission android:name="com.android.providers.tv.permission.READ_EPG_DATA" />
56-->src\main\AndroidManifest.xml:57:5-89
56-->src\main\AndroidManifest.xml:57:22-86
57    <uses-permission android:name="com.android.providers.tv.permission.WRITE_EPG_DATA" />
57-->src\main\AndroidManifest.xml:58:5-90
57-->src\main\AndroidManifest.xml:58:22-87
58    <uses-permission android:name="com.android.providers.tv.permission.ACCESS_ALL_EPG_DATA" />
58-->src\main\AndroidManifest.xml:59:5-95
58-->src\main\AndroidManifest.xml:59:22-92
59    <uses-permission android:name="android.permission.MODIFY_PARENTAL_CONTROLS" />
59-->src\main\AndroidManifest.xml:60:5-83
59-->src\main\AndroidManifest.xml:60:22-80
60    <uses-permission android:name="android.permission.READ_CONTENT_RATING_SYSTEMS" />
60-->src\main\AndroidManifest.xml:61:5-86
60-->src\main\AndroidManifest.xml:61:22-83
61    <uses-permission android:name="android.permission.TV_INPUT_HARDWARE" />
61-->src\main\AndroidManifest.xml:62:5-76
61-->src\main\AndroidManifest.xml:62:22-73
62    <uses-permission android:name="android.permission.CHANGE_HDMI_CEC_ACTIVE_SOURCE" />
62-->src\main\AndroidManifest.xml:63:5-87
62-->src\main\AndroidManifest.xml:63:22-85
63    <uses-permission android:name="android.permission.BIND_TV_REMOTE_SERVICE" />
63-->src\main\AndroidManifest.xml:64:5-80
63-->src\main\AndroidManifest.xml:64:22-78
64    <uses-permission android:name="android.permission.BIND_TV_INPUT" />
64-->src\main\AndroidManifest.xml:65:5-71
64-->src\main\AndroidManifest.xml:65:22-69
65    <uses-permission android:name="android.permission.HDMI_CEC" />
65-->src\main\AndroidManifest.xml:66:5-66
65-->src\main\AndroidManifest.xml:66:22-64
66    <uses-permission android:name="android.permission.SYSTEM_ALERT_WINDOW" />
66-->src\main\AndroidManifest.xml:28:5-78
66-->src\main\AndroidManifest.xml:28:22-75
67    <uses-permission android:name="android.permission.BLUETOOTH" />
67-->src\main\AndroidManifest.xml:68:5-67
67-->src\main\AndroidManifest.xml:68:22-65
68    <uses-permission android:name="android.permission.BLUETOOTH_ADMIN" />
68-->src\main\AndroidManifest.xml:69:5-73
68-->src\main\AndroidManifest.xml:69:22-71
69    <uses-permission android:name="android.permission.RECOVERY" />
69-->src\main\AndroidManifest.xml:26:5-66
69-->src\main\AndroidManifest.xml:26:22-64
70    <uses-permission android:name="android.permission.DEVICE_POWER" />
70-->src\main\AndroidManifest.xml:41:5-71
70-->src\main\AndroidManifest.xml:41:22-68
71    <uses-permission android:name="android.permission.READ_DREAM_STATE" />
71-->src\main\AndroidManifest.xml:73:5-75
71-->src\main\AndroidManifest.xml:73:22-72
72    <uses-permission android:name="android.permission.WRITE_DREAM_STATE" />
72-->src\main\AndroidManifest.xml:74:5-76
72-->src\main\AndroidManifest.xml:74:22-73
73    <uses-permission android:name="com.google.android.tv.permission.RECEIVE_INPUT_EVENT" />
73-->src\main\AndroidManifest.xml:76:5-92
73-->src\main\AndroidManifest.xml:76:22-89
74    <uses-permission android:name="com.android.tv.permission.RECEIVE_INPUT_EVENT" />
74-->src\main\AndroidManifest.xml:77:5-85
74-->src\main\AndroidManifest.xml:77:22-82
75    <uses-permission android:name="com.mediatek.wwtv.permission.DVR_WRITE" />
75-->src\main\AndroidManifest.xml:79:5-78
75-->src\main\AndroidManifest.xml:79:22-75
76    <uses-permission android:name="com.mediatek.wwtv.permission.DVR_READ" />
76-->src\main\AndroidManifest.xml:80:5-77
76-->src\main\AndroidManifest.xml:80:22-74
77    <uses-permission android:name="com.mediatek.tv.permission.BROADCAST" />
77-->src\main\AndroidManifest.xml:81:5-76
77-->src\main\AndroidManifest.xml:81:22-73
78
79    <supports-screens android:xlargeScreens="true" />
79-->src\main\AndroidManifest.xml:83:5-54
79-->src\main\AndroidManifest.xml:83:23-51
80
81    <!-- Limit only for Android TV -->
82    <uses-feature
82-->src\main\AndroidManifest.xml:86:5-86
83        android:name="android.software.leanback"
83-->src\main\AndroidManifest.xml:86:19-59
84        android:required="true" />
84-->src\main\AndroidManifest.xml:86:60-83
85    <uses-feature
85-->src\main\AndroidManifest.xml:87:5-85
86        android:name="android.software.live_tv"
86-->src\main\AndroidManifest.xml:87:19-58
87        android:required="true" />
87-->src\main\AndroidManifest.xml:87:59-82
88    <uses-feature
88-->src\main\AndroidManifest.xml:88:5-89
89        android:name="android.hardware.touchscreen"
89-->src\main\AndroidManifest.xml:88:19-62
90        android:required="false" />
90-->src\main\AndroidManifest.xml:88:63-87
91
92    <queries>
92-->src\main\AndroidManifest.xml:89:5-97:15
93        <intent>
93-->src\main\AndroidManifest.xml:90:9-92:18
94            <action android:name="android.intent.action.TTS_SERVICE" />
94-->src\main\AndroidManifest.xml:91:9-67
94-->src\main\AndroidManifest.xml:91:17-65
95        </intent>
96        <intent>
96-->src\main\AndroidManifest.xml:93:9-95:18
97            <action android:name="android.media.tv.TvAppService" />
97-->src\main\AndroidManifest.xml:94:9-63
97-->src\main\AndroidManifest.xml:94:17-61
98        </intent>
99
100        <package android:name="com.seraphic.webview" />
100-->src\main\AndroidManifest.xml:96:9-55
100-->src\main\AndroidManifest.xml:96:18-53
101    </queries>
102
103    <application
103-->src\main\AndroidManifest.xml:98:5-392:19
104        android:name="com.mediatek.wwtv.tvcenter.util.DestroyApp"
104-->src\main\AndroidManifest.xml:109:9-40
105        android:allowBackup="true"
105-->src\main\AndroidManifest.xml:99:9-35
106        android:appComponentFactory="androidx.core.app.CoreComponentFactory"
106-->[androidx.core:core:1.6.0] AndroidManifest.xml:24:18-86
107        android:banner="@drawable/icon_banner"
107-->src\main\AndroidManifest.xml:101:9-47
108        android:directBootAware="true"
108-->src\main\AndroidManifest.xml:107:9-39
109        android:extractNativeLibs="false"
110        android:icon="@drawable/icon"
110-->src\main\AndroidManifest.xml:100:9-38
111        android:label="@string/app_name"
111-->src\main\AndroidManifest.xml:103:9-41
112        android:logo="@drawable/icon"
112-->src\main\AndroidManifest.xml:102:9-38
113        android:persistent="true"
113-->src\main\AndroidManifest.xml:106:9-34
114        android:supportsRtl="true"
114-->src\main\AndroidManifest.xml:104:9-35
115        android:theme="@android:style/Theme.Translucent.NoTitleBar.Fullscreen"
115-->src\main\AndroidManifest.xml:108:9-79
116        android:usesCleartextTraffic="true" >
116-->src\main\AndroidManifest.xml:105:9-44
117
118        <!-- NAV activity -->
119        <activity
119-->src\main\AndroidManifest.xml:112:9-158:20
120            android:name="com.mediatek.wwtv.tvcenter.nav.TurnkeyUiMainActivity"
120-->src\main\AndroidManifest.xml:113:13-80
121            android:configChanges="locale|layoutDirection|keyboard|keyboardHidden|screenSize|smallestScreenSize|screenLayout|orientation|navigation"
121-->src\main\AndroidManifest.xml:120:13-149
122            android:excludeFromRecents="true"
122-->src\main\AndroidManifest.xml:119:13-46
123            android:label="@string/app_name"
123-->src\main\AndroidManifest.xml:115:13-45
124            android:launchMode="singleTask"
124-->src\main\AndroidManifest.xml:116:13-44
125            android:resizeableActivity="true"
125-->src\main\AndroidManifest.xml:117:13-46
126            android:supportsPictureInPicture="true"
126-->src\main\AndroidManifest.xml:118:13-52
127            android:theme="@style/NavTheme" >
127-->src\main\AndroidManifest.xml:114:13-44
128            <intent-filter>
128-->src\main\AndroidManifest.xml:121:13-127:29
129                <action android:name="android.intent.action.MAIN" />
129-->src\main\AndroidManifest.xml:122:17-69
129-->src\main\AndroidManifest.xml:122:25-66
130                <action android:name="com.android.tv.action.FORCE_LAUNCH_ON_BOOT" />
130-->src\main\AndroidManifest.xml:123:17-85
130-->src\main\AndroidManifest.xml:123:25-82
131
132                <category android:name="android.intent.category.DEFAULT" />
132-->src\main\AndroidManifest.xml:124:17-76
132-->src\main\AndroidManifest.xml:124:27-73
133                <!-- category android:name="android.intent.category.LAUNCHER" / -->
134                <category android:name="android.intent.category.LEANBACK_LAUNCHER" />
134-->src\main\AndroidManifest.xml:126:17-86
134-->src\main\AndroidManifest.xml:126:27-83
135            </intent-filter>
136            <intent-filter>
136-->src\main\AndroidManifest.xml:128:13-131:29
137                <action android:name="android.mtk.intent.action.ACTION_REQUEST_TOP_RESUME" />
137-->src\main\AndroidManifest.xml:129:17-94
137-->src\main\AndroidManifest.xml:129:25-91
138
139                <category android:name="android.intent.category.DEFAULT" />
139-->src\main\AndroidManifest.xml:124:17-76
139-->src\main\AndroidManifest.xml:124:27-73
140            </intent-filter>
141            <intent-filter>
141-->src\main\AndroidManifest.xml:132:13-135:29
142                <action android:name="android.media.tv.action.SETUP_INPUTS" />
142-->src\main\AndroidManifest.xml:133:17-79
142-->src\main\AndroidManifest.xml:133:25-76
143
144                <category android:name="android.intent.category.DEFAULT" />
144-->src\main\AndroidManifest.xml:124:17-76
144-->src\main\AndroidManifest.xml:124:27-73
145            </intent-filter>
146            <intent-filter>
146-->src\main\AndroidManifest.xml:136:13-143:29
147                <action android:name="android.intent.action.VIEW" />
147-->src\main\AndroidManifest.xml:137:17-69
147-->src\main\AndroidManifest.xml:137:25-66
148
149                <category android:name="android.intent.category.DEFAULT" />
149-->src\main\AndroidManifest.xml:124:17-76
149-->src\main\AndroidManifest.xml:124:27-73
150
151                <data android:mimeType="vnd.android.cursor.item/channel" />
151-->src\main\AndroidManifest.xml:139:17-76
151-->src\main\AndroidManifest.xml:139:23-73
152                <data android:mimeType="vnd.android.cursor.dir/channel" />
152-->src\main\AndroidManifest.xml:139:17-76
152-->src\main\AndroidManifest.xml:139:23-73
153                <data android:mimeType="vnd.android.cursor.item/program" />
153-->src\main\AndroidManifest.xml:139:17-76
153-->src\main\AndroidManifest.xml:139:23-73
154                <data android:mimeType="vnd.android.cursor.dir/program" />
154-->src\main\AndroidManifest.xml:139:17-76
154-->src\main\AndroidManifest.xml:139:23-73
155            </intent-filter>
156            <intent-filter>
156-->src\main\AndroidManifest.xml:144:13-151:29
157                <action android:name="android.intent.action.VIEW" />
157-->src\main\AndroidManifest.xml:137:17-69
157-->src\main\AndroidManifest.xml:137:25-66
158
159                <category android:name="android.intent.category.DEFAULT" />
159-->src\main\AndroidManifest.xml:124:17-76
159-->src\main\AndroidManifest.xml:124:27-73
160
161                <data
161-->src\main\AndroidManifest.xml:139:17-76
162                    android:host="com.mediatek.wwtv.tvcenter"
162-->src\main\AndroidManifest.xml:149:21-62
163                    android:pathPrefix="/playvideo"
163-->src\main\AndroidManifest.xml:150:21-52
164                    android:scheme="tvhomescreenchannels" />
164-->src\main\AndroidManifest.xml:148:21-58
165            </intent-filter>
166            <intent-filter>
166-->src\main\AndroidManifest.xml:152:13-154:29
167                <action android:name="android.intent.action.SEARCH" />
167-->src\main\AndroidManifest.xml:153:17-71
167-->src\main\AndroidManifest.xml:153:25-68
168            </intent-filter>
169
170            <meta-data
170-->src\main\AndroidManifest.xml:155:13-80
171                android:name="supports_leanback"
171-->src\main\AndroidManifest.xml:155:24-56
172                android:value="true" />
172-->src\main\AndroidManifest.xml:155:57-77
173            <meta-data
173-->src\main\AndroidManifest.xml:156:13-157:54
174                android:name="android.app.searchable"
174-->src\main\AndroidManifest.xml:156:24-61
175                android:resource="@xml/searchable" />
175-->src\main\AndroidManifest.xml:157:17-51
176        </activity>
177
178        <!-- CaptureLogoActivity -->
179        <activity
179-->src\main\AndroidManifest.xml:161:9-162:88
180            android:name="com.mediatek.wwtv.tvcenter.capturelogo.CaptureLogoActivity"
180-->src\main\AndroidManifest.xml:161:19-92
181            android:label="@string/app_name"
181-->src\main\AndroidManifest.xml:162:13-45
182            android:theme="@style/CaptureLogoTheme" />
182-->src\main\AndroidManifest.xml:162:46-85
183        <!-- OAD -->
184        <activity
184-->src\main\AndroidManifest.xml:164:9-166:118
185            android:name="com.mediatek.wwtv.tvcenter.oad.NavOADActivity"
185-->src\main\AndroidManifest.xml:164:19-79
186            android:configChanges="locale|layoutDirection|keyboard|keyboardHidden"
186-->src\main\AndroidManifest.xml:166:46-116
187            android:label="@string/app_name"
187-->src\main\AndroidManifest.xml:166:13-45
188            android:launchMode="singleTop"
188-->src\main\AndroidManifest.xml:165:13-43
189            android:theme="@style/oadTheme" />
189-->src\main\AndroidManifest.xml:164:80-111
190        <!-- OADNew -->
191        <activity
191-->src\main\AndroidManifest.xml:168:13-172:59
192            android:name="com.mediatek.wwtv.tvcenter.oad.NavOADActivityNew"
192-->src\main\AndroidManifest.xml:169:13-76
193            android:configChanges="locale|layoutDirection|keyboard|keyboardHidden"
193-->src\main\AndroidManifest.xml:170:13-83
194            android:label="@string/app_name"
194-->src\main\AndroidManifest.xml:171:13-45
195            android:theme="@style/menuMain_Transparent" />
195-->src\main\AndroidManifest.xml:172:13-56
196
197        <!-- EPG activity -->
198        <activity
198-->src\main\AndroidManifest.xml:175:9-179:20
199            android:name="com.mediatek.wwtv.tvcenter.epg.us.EPGUsActivity"
199-->src\main\AndroidManifest.xml:176:13-75
200            android:configChanges="layoutDirection|keyboard|keyboardHidden"
200-->src\main\AndroidManifest.xml:178:13-76
201            android:theme="@style/menuMain_Transparent" >
201-->src\main\AndroidManifest.xml:177:13-56
202        </activity>
203        <activity
203-->src\main\AndroidManifest.xml:180:9-184:20
204            android:name="com.mediatek.wwtv.tvcenter.epg.eu.EPGEuActivity"
204-->src\main\AndroidManifest.xml:181:13-75
205            android:configChanges="layoutDirection|keyboard|keyboardHidden"
205-->src\main\AndroidManifest.xml:183:13-76
206            android:theme="@style/menuMain_Transparent" >
206-->src\main\AndroidManifest.xml:182:13-56
207        </activity>
208        <activity
208-->src\main\AndroidManifest.xml:185:10-189:20
209            android:name="com.mediatek.wwtv.tvcenter.epg.eu.EPGEu2ndActivity"
209-->src\main\AndroidManifest.xml:186:13-78
210            android:configChanges="layoutDirection|keyboard|keyboardHidden"
210-->src\main\AndroidManifest.xml:188:13-76
211            android:theme="@style/menuMain_Transparent" >
211-->src\main\AndroidManifest.xml:187:13-56
212        </activity>
213        <activity
213-->src\main\AndroidManifest.xml:190:9-194:20
214            android:name="com.mediatek.wwtv.tvcenter.epg.sa.EPGSaActivity"
214-->src\main\AndroidManifest.xml:191:13-75
215            android:configChanges="layoutDirection|keyboard|keyboardHidden"
215-->src\main\AndroidManifest.xml:193:13-76
216            android:theme="@style/menuMain_Transparent" >
216-->src\main\AndroidManifest.xml:192:13-56
217        </activity>
218        <activity
218-->src\main\AndroidManifest.xml:195:9-199:20
219            android:name="com.mediatek.wwtv.tvcenter.epg.sa.EPGSa2ndActivity"
219-->src\main\AndroidManifest.xml:196:13-78
220            android:configChanges="layoutDirection|keyboard|keyboardHidden"
220-->src\main\AndroidManifest.xml:198:13-76
221            android:theme="@style/menuMain_Transparent" >
221-->src\main\AndroidManifest.xml:197:13-56
222        </activity>
223        <activity
223-->src\main\AndroidManifest.xml:200:9-204:20
224            android:name="com.mediatek.wwtv.tvcenter.epg.cn.EPGCnActivity"
224-->src\main\AndroidManifest.xml:201:13-75
225            android:configChanges="layoutDirection|keyboard|keyboardHidden"
225-->src\main\AndroidManifest.xml:203:13-76
226            android:theme="@style/menuMain_Transparent" >
226-->src\main\AndroidManifest.xml:202:13-56
227        </activity>
228
229        <!-- Receiver -->
230        <receiver android:name="com.mediatek.wwtv.tvcenter.util.BootBroadcastReceiver" >
230-->src\main\AndroidManifest.xml:207:9-220:20
230-->src\main\AndroidManifest.xml:207:19-87
231            <intent-filter>
231-->src\main\AndroidManifest.xml:208:13-210:29
232                <action android:name="android.intent.action.GLOBAL_BUTTON" />
232-->src\main\AndroidManifest.xml:209:17-78
232-->src\main\AndroidManifest.xml:209:25-75
233            </intent-filter>
234            <intent-filter>
234-->src\main\AndroidManifest.xml:211:13-213:29
235                <action android:name="android.mediatek.intent.logcattousb" />
235-->src\main\AndroidManifest.xml:212:17-78
235-->src\main\AndroidManifest.xml:212:25-75
236            </intent-filter>
237            <intent-filter android:priority="1000" >
237-->src\main\AndroidManifest.xml:214:14-216:29
237-->src\main\AndroidManifest.xml:214:29-52
238                <action android:name="android.intent.action.BOOT_COMPLETED" />
238-->src\main\AndroidManifest.xml:215:17-79
238-->src\main\AndroidManifest.xml:215:25-76
239            </intent-filter>
240            <intent-filter>
240-->src\main\AndroidManifest.xml:217:13-219:29
241                <action android:name="com.mediatek.wwtv.tvcenter.schedule.dvr" />
241-->src\main\AndroidManifest.xml:218:17-82
241-->src\main\AndroidManifest.xml:218:25-79
242            </intent-filter>
243        </receiver>
244        <receiver
244-->src\main\AndroidManifest.xml:221:9-233:20
245            android:name="com.android.tv.livetv.receiver.GlobalKeyReceiver"
245-->src\main\AndroidManifest.xml:222:13-76
246            android:exported="true" >
246-->src\main\AndroidManifest.xml:223:13-36
247            <intent-filter>
247-->src\main\AndroidManifest.xml:208:13-210:29
248                <action android:name="android.intent.action.GLOBAL_BUTTON" />
248-->src\main\AndroidManifest.xml:209:17-78
248-->src\main\AndroidManifest.xml:209:25-75
249            </intent-filter>
250            <intent-filter>
250-->src\main\AndroidManifest.xml:227:13-229:29
251                <action android:name="android.media.tv.action.QUERY_CONTENT_RATING_SYSTEMS" />
251-->src\main\AndroidManifest.xml:228:17-94
251-->src\main\AndroidManifest.xml:228:25-92
252            </intent-filter>
253
254            <meta-data
254-->src\main\AndroidManifest.xml:230:13-232:68
255                android:name="android.media.tv.metadata.CONTENT_RATING_SYSTEMS"
255-->src\main\AndroidManifest.xml:231:17-80
256                android:resource="@xml/tv_content_rating_systems" />
256-->src\main\AndroidManifest.xml:232:17-66
257        </receiver>
258        <receiver
258-->src\main\AndroidManifest.xml:234:9-240:20
259            android:name="com.mediatek.wwtv.tvcenter.epg.sa.AlarmReceiver"
259-->src\main\AndroidManifest.xml:235:13-75
260            android:exported="false" >
260-->src\main\AndroidManifest.xml:236:13-37
261            <intent-filter>
261-->src\main\AndroidManifest.xml:237:13-239:29
262                <action android:name="com.mediatek.wwtv.tvcenter.saepgreceiver" />
262-->src\main\AndroidManifest.xml:238:17-83
262-->src\main\AndroidManifest.xml:238:25-80
263            </intent-filter>
264        </receiver>
265
266        <activity
266-->src\main\AndroidManifest.xml:241:9-253:20
267            android:name="com.mediatek.wwtv.tvcenter.epg.sa.DialogActivity"
267-->src\main\AndroidManifest.xml:242:13-76
268            android:configChanges="locale"
268-->src\main\AndroidManifest.xml:243:13-43
269            android:exported="false"
269-->src\main\AndroidManifest.xml:244:13-37
270            android:label="DialogActivity"
270-->src\main\AndroidManifest.xml:245:13-43
271            android:launchMode="singleTop"
271-->src\main\AndroidManifest.xml:246:13-43
272            android:theme="@style/Transparent" >
272-->src\main\AndroidManifest.xml:247:13-47
273            <intent-filter>
273-->src\main\AndroidManifest.xml:248:13-252:29
274                <action android:name="com.mediatek.wwtv.tvcenter.saepg.activity" />
274-->src\main\AndroidManifest.xml:249:17-84
274-->src\main\AndroidManifest.xml:249:25-81
275
276                <category android:name="android.intent.category.DEFAULT" />
276-->src\main\AndroidManifest.xml:124:17-76
276-->src\main\AndroidManifest.xml:124:27-73
277            </intent-filter>
278        </activity>
279
280        <!-- Settings start -->
281        <activity
281-->src\main\AndroidManifest.xml:256:9-263:20
282            android:name="com.mediatek.wwtv.setting.EditTextActivity"
282-->src\main\AndroidManifest.xml:257:13-70
283            android:configChanges="locale|layoutDirection|keyboard|keyboardHidden"
283-->src\main\AndroidManifest.xml:259:13-83
284            android:theme="@style/settings_transparent" >
284-->src\main\AndroidManifest.xml:258:13-56
285            <intent-filter>
285-->src\main\AndroidManifest.xml:260:13-262:29
286                <category android:name="android.intent.category.DEFAULT" />
286-->src\main\AndroidManifest.xml:124:17-76
286-->src\main\AndroidManifest.xml:124:27-73
287            </intent-filter>
288        </activity>
289        <activity
289-->src\main\AndroidManifest.xml:264:9-271:20
290            android:name="com.mediatek.wwtv.setting.LNBFreqEditActivity"
290-->src\main\AndroidManifest.xml:265:13-73
291            android:configChanges="locale|layoutDirection|keyboard|keyboardHidden"
291-->src\main\AndroidManifest.xml:267:13-83
292            android:theme="@style/settings_transparent" >
292-->src\main\AndroidManifest.xml:266:13-56
293            <intent-filter>
293-->src\main\AndroidManifest.xml:260:13-262:29
294                <category android:name="android.intent.category.DEFAULT" />
294-->src\main\AndroidManifest.xml:124:17-76
294-->src\main\AndroidManifest.xml:124:27-73
295            </intent-filter>
296        </activity>
297        <activity
297-->src\main\AndroidManifest.xml:272:9-278:24
298            android:name="com.mediatek.wwtv.setting.SatActivity"
298-->src\main\AndroidManifest.xml:272:19-71
299            android:configChanges="locale|layoutDirection|keyboard|keyboardHidden"
299-->src\main\AndroidManifest.xml:274:13-83
300            android:theme="@style/settings_transparent" >
300-->src\main\AndroidManifest.xml:273:13-56
301            <intent-filter>
301-->src\main\AndroidManifest.xml:260:13-262:29
302                <category android:name="android.intent.category.DEFAULT" />
302-->src\main\AndroidManifest.xml:124:17-76
302-->src\main\AndroidManifest.xml:124:27-73
303            </intent-filter>
304        </activity>
305        <activity
305-->src\main\AndroidManifest.xml:279:9-285:24
306            android:name="com.mediatek.wwtv.setting.TKGSSettingActivity"
306-->src\main\AndroidManifest.xml:279:19-79
307            android:configChanges="locale|layoutDirection|keyboard|keyboardHidden"
307-->src\main\AndroidManifest.xml:281:13-83
308            android:theme="@style/settings_transparent" >
308-->src\main\AndroidManifest.xml:280:13-56